<?xml version="1.0" encoding="UTF-8"?>
<!-- Generated by org.testng.reporters.JUnitReportReporter -->
<testsuite hostname="BDC8-LX-B627QQ2" name="org.ravi.helloworld.HelloTest" tests="1" failures="0" timestamp="24 Dec 2018 07:02:51 GMT" time="0.001" errors="0">
  <testcase name="f" time="0.001" classname="org.ravi.helloworld.HelloTest"/>
</testsuite> <!-- org.ravi.helloworld.HelloTest -->
